PP 5655-EC6 IBM Enterprise COBOL for z/OS  6.3.0 P200901                 Date 01/13/2022  Time 12:32:53   Page     1

Invocation parameters:
 source,cp(37)

Options in effect:
 NOADATA
   ADV
   AFP(NOVOLATILE)
   QUOTE
   ARCH(8)
   ARITH(COMPAT)
 NOAWO
 NOBLOCK0
   BUFSIZE(4096)
 NOCICS
   CODEPAGE(37)
 NOCOMPILE(S)
 NOCOPYLOC
 NOCOPYRIGHT
 NOCURRENCY
   DATA(31)
   DBCS
 NODECK
 NODEFINE
 NODIAGTRUNC
   DISPSIGN(COMPAT)
 NODLL
 NODUMP
 NODYNAM
 NOEXIT
 NOEXPORTALL
 NOFASTSRT
   FLAG(I,I)
 NOFLAGSTD
   HGPR(PRESERVE)
 NOINITCHECK
 NOINITIAL
   INLINE
   INTDATE(ANSI)
   LANGUAGE(EN)
   LINECOUNT(60)
 NOLIST
   LP(32)
 NOMAP
   MAXPCF(100000)
 NOMDECK
 NONAME
   NSYMBOL(NATIONAL)
 NONUMBER
 NONUMCHECK
   NUMPROC(NOPFD)
   OBJECT
 NOOFFSET
   OPTIMIZE(0)
   OUTDD(SYSOUT)
 NOPARMCHECK
   PGMNAME(COMPAT)
   QUALIFY(COMPAT)
   RENTPP 5655-EC6 IBM Enterprise COBOL for z/OS  6.3.0 P200901                 Date 01/13/2022  Time 12:32:53   Page     2

   RMODE(AUTO)
 NORULES
 NOSERVICE
   SEQUENCE
   SOURCE
   SPACE(1)
 NOSQL
   SQLCCSID
 NOSQLIMS
 NOSSRANGE
 NOSTGOPT
   SUPPRESS
 NOTERM
 NOTEST(NODWARF,NOSOURCE,NOSEPARATE)
 NOTHREAD
   TRUNC(STD)
 NOVBREF
   VLR(STANDARD)
   VSAMOPENFS(COMPAT)
 NOWORD
   XMLPARSE(XMLSS)
   XREF(FULL)
   ZONEDATA(PFD)
   ZWBPP 5655-EC6 IBM Enterprise COBOL for z/OS  6.3.0 P200901       DATSUB    Date 01/13/2022  Time 12:32:53   Page     3
  LineID  PL SL  ----+-*A-1-B--+----2----+----3----+----4----+----5----+----6----+----7-|--+----8 Map and Cross Reference

  000001                ID DIVISION.
  000002                PROGRAM-ID. DATSUB.
  000003               * Test sample static call c2 imp with main v3
  000004               * Since this is in a folder mapped to the isDUal property,
  000005               * cobol.groovy will produce 2 artifacts CICS and batch
  000006                ENVIRONMENT DIVISION.
  000007                DATA DIVISION.
  000008                WORKING-STORAGE SECTION.
  000009                01 MYDATA              PIC X(1).
  000010                01 MYDATA2             PIC X(1).
  000011                PROCEDURE DIVISION.
  000012                    MOVE MYDATA TO MYDATA2.                                               9 10
  000013                    DISPLAY 'DATSUB HERE In DUAL mode v51a    '.PP 5655-EC6 IBM Enterprise COBOL for z/OS  6.3.0 P200901       DATSUB    Date 01/13/2022  Time 12:32:53   Page     4

An "M" preceding a data-name reference indicates that the data-name is modified by this reference.

 Defined   Cross-reference of data names   References

       9   MYDATA . . . . . . . . . . . .  12
      10   MYDATA2. . . . . . . . . . . .  M12PP 5655-EC6 IBM Enterprise COBOL for z/OS  6.3.0 P200901       DATSUB    Date 01/13/2022  Time 12:32:53   Page     5

 Defined   Cross-reference of programs     References

       2   DATSUB


* Statistics for COBOL program DATSUB:
*    Source records = 13
*    Data Division statements = 2
*    Procedure Division statements = 2
*    Generated COBOL statements = 0
*    Program complexity factor = 2

End of compilation 1,  program DATSUB,  no statements flagged.

Return code 0
1z/OS V2 R4 BINDER     12:32:56 THURSDAY JANUARY 13, 2022
 BATCH EMULATOR  JOB(DBBP3   ) STEP(*OMVSEX ) PGM= IEWBLINK
 IEW2278I B352 INVOCATION PARAMETERS - XREF
 IEW2322I 1220  1     INCLUDE OBJECT(DATSUB)
 IEW2322I 1220  2      IDENTIFY DATSUB(DBB\ABC................................x)


1                                       C R O S S - R E F E R E N C E  T A B L E
                                        _________________________________________

 TEXT CLASS = C_CODE

 ---------------  R E F E R E N C E  --------------------------  T A R G E T  -------------------------------------------
   CLASS                            ELEMENT       |                                            ELEMENT                  |
   OFFSET SECT/PART(ABBREV)          OFFSET  TYPE | SYMBOL(ABBREV)   SECTION (ABBREV)           OFFSET CLASS NAME       |
                                                  |                                                                     |
       24 DATSUB                         24 A-CON | DATSUB#C         DATSUB                          0 C_CODE           |
       2C DATSUB                         2C A-CON | DATSUB#C         DATSUB                          0 C_CODE           |
       30 DATSUB                         30 A-CON | DATSUB#C         DATSUB                          0 C_CODE           |
       34 DATSUB                         34 A-CON | DATSUB#C         DATSUB                          0 C_CODE           |
       38 DATSUB                         38 V-CON | IGZXBST4         IGZXBST4                        0 B_TEXT           |
       3C DATSUB                         3C A-CON | DATSUB#C         DATSUB                          0 C_CODE           |
       44 DATSUB                         44 A-CON | DATSUB#C         DATSUB                          0 C_CODE           |
      400 DATSUB                        400 Q-CON | DATSUB#S         $NON-RELOCATABLE               10 C_WSA            |
      404 DATSUB                        404 V-CON | IGZXPRS          IGZXPRS                         0 B_TEXT           |
      408 DATSUB                        408 V-CON | IGZXCMSG         IGZXCMSG                        0 B_TEXT           |
      40C DATSUB                        40C A-CON | DATSUB#C         DATSUB                          0 C_CODE           |
      410 DATSUB                        410 V-CON | IGZXDSP          IGZXDSP                         0 B_TEXT           |
      414 DATSUB                        414 V-CON | IGZXRT1          IGZXRT1                         0 B_TEXT           |
      434 DATSUB                        434 A-CON | DATSUB#C         DATSUB                          0 C_CODE           |
      440 DATSUB                        440 A-CON | DATSUB#C         DATSUB                          0 C_CODE           |
      470 DATSUB                        470 A-CON | DATSUB#C         DATSUB                          0 C_CODE           |
      494 DATSUB                        494 A-CON | DATSUB#C         DATSUB                          0 C_CODE           |
      4B8 DATSUB                        4B8 A-CON | DATSUB#C         DATSUB                          0 C_CODE           |
      66C DATSUB                        66C A-CON | DATSUB#C         DATSUB                          0 C_CODE           |
      66C DATSUB                        66C A-CON | CEESTART         CEESTART                        0 B_TEXT           |
      684 DATSUB                        684 A-CON | DATSUB#C         DATSUB                          0 C_CODE           |
      688 DATSUB                        688 V-CON | CEESTART         CEESTART                        0 B_TEXT           |
      68C DATSUB                        68C V-CON | CEEBETBL         CEEBETBL                        0 B_TEXT           |
      6CC DATSUB                        6CC Q-CON | DATSUB#S         $NON-RELOCATABLE               10 C_WSA            |


 TEXT CLASS = C_@@PPA2

 ---------------  R E F E R E N C E  --------------------------  T A R G E T  -------------------------------------------
   CLASS                            ELEMENT       |                                            ELEMENT                  |
   OFFSET SECT/PART(ABBREV)          OFFSET  TYPE | SYMBOL(ABBREV)   SECTION (ABBREV)           OFFSET CLASS NAME       |
                                                  |                                                                     |
        4 $PRIV000010                     4 A-CON | DATSUB#C         DATSUB                          0 C_CODE           |


 TEXT CLASS = C_@@CSINIT

 ---------------  R E F E R E N C E  --------------------------  T A R G E T  -------------------------------------------
   CLASS                            ELEMENT       |                                            ELEMENT                  |
   OFFSET SECT/PART(ABBREV)          OFFSET  TYPE | SYMBOL(ABBREV)   SECTION (ABBREV)           OFFSET CLASS NAME       |
                                                  |                                                                     |
        0 $PRIV000011                     0 A-CON | DATSUB#C         DATSUB                          0 C_CODE           |


 TEXT CLASS = B_TEXT

 ---------------  R E F E R E N C E  --------------------------  T A R G E T  -------------------------------------------
   CLASS                            ELEMENT       |                                            ELEMENT                  |
   OFFSET SECT/PART(ABBREV)          OFFSET  TYPE | SYMBOL(ABBREV)   SECTION (ABBREV)           OFFSET CLASS NAME       |
                                                  |                                                                     |
       24 CEESG004                       14 A-CON | IGZEOPT          $UNRESOLVED(W)                                     |
1

1                                       C R O S S - R E F E R E N C E  T A B L E
                                        _________________________________________

 TEXT CLASS = B_TEXT

 ---------------  R E F E R E N C E  --------------------------  T A R G E T  -------------------------------------------
   CLASS                            ELEMENT       |                                            ELEMENT                  |
   OFFSET SECT/PART(ABBREV)          OFFSET  TYPE | SYMBOL(ABBREV)   SECTION (ABBREV)           OFFSET CLASS NAME       |
                                                  |                                                                     |
       28 CEESG004                       18 A-CON | IGZETUN          $UNRESOLVED(W)                                     |
       2C CEESG004                       1C A-CON | IGZXRES1         $UNRESOLVED(W)                                     |
       30 CEESG004                       20 A-CON | IEWBLIT          IEWBLIT                         0 B_LIT            |
      4F8 IGZXBST4                      450 V-CON | CEEINT           CEEBPIRA                        0 B_TEXT           |
      4FC IGZXBST4                      454 V-CON | CEEARLU          CEEARLU                         0 B_TEXT           |
      500 IGZXBST4                      458 A-CON | CEESG004         CEESG004                        0 B_TEXT           |
      58C CEEBETBL                        4 V-CON | CEEBXITA         $UNRESOLVED(W)                                     |
      590 CEEBETBL                        8 V-CON | CEEBINT          CEEBINT                         0 B_TEXT           |
      594 CEEBETBL                        C V-CON | CEEBLLST         CEEBLLST                        0 B_TEXT           |
      598 CEEBETBL                       10 V-CON | CEEUOPT          $UNRESOLVED(W)                                     |
      59C CEEBETBL                       14 V-CON | CEEBTRM          CEEBTRM                         0 B_TEXT           |
      5A4 CEEBETBL                       1C V-CON | CEEBPUBT         CEEBPUBT                        0 B_TEXT           |
      5A8 CEEBETBL                       20 V-CON | IEWBLIT          IEWBLIT                         0 B_LIT            |
      60C CEESTART                       5C A-CON | CEEMAIN          $UNRESOLVED(W)                                     |
      61C CEESTART                       6C C-LEN |                  $NON-RELOCATABLE                  B_PRV            |
      648 CEESTART                       98 A-CON | CEEFMAIN         $UNRESOLVED(W)                                     |
      654 CEESTART                       A4 A-CON | CEEBETBL         CEEBETBL                        0 B_TEXT           |
      658 CEESTART                       A8 A-CON | CEEROOTA         $UNRESOLVED(W)                                     |
      65C CEESTART                       AC A-CON | CEEROOTD         $UNRESOLVED(W)                                     |
      73C CEEBTRM                        6C A-CON | CEEBPUBT         CEEBPUBT                        0 B_TEXT           |
      828 CEEBLLST                       10 A-CON | CEESG000         $UNRESOLVED(W)                                     |
      82C CEEBLLST                       14 A-CON | CEESG001         $UNRESOLVED(W)                                     |
      830 CEEBLLST                       18 A-CON | CEESG002         $UNRESOLVED(W)                                     |
      834 CEEBLLST                       1C A-CON | CEESG003         $UNRESOLVED(W)                                     |
      838 CEEBLLST                       20 A-CON | CEESG004         CEESG004                        0 B_TEXT           |
      83C CEEBLLST                       24 A-CON | CEESG005         $UNRESOLVED(W)                                     |
      840 CEEBLLST                       28 A-CON | CEESG006         $UNRESOLVED(W)                                     |
      844 CEEBLLST                       2C A-CON | CEESG007         $UNRESOLVED(W)                                     |
      848 CEEBLLST                       30 A-CON | CEESG008         $UNRESOLVED(W)                                     |
      84C CEEBLLST                       34 A-CON | CEESG009         $UNRESOLVED(W)                                     |
      850 CEEBLLST                       38 A-CON | CEESG010         $UNRESOLVED(W)                                     |
      854 CEEBLLST                       3C A-CON | CEESG011         $UNRESOLVED(W)                                     |
      858 CEEBLLST                       40 A-CON | CEESG012         $UNRESOLVED(W)                                     |
      85C CEEBLLST                       44 A-CON | CEESG013         $UNRESOLVED(W)                                     |
      860 CEEBLLST                       48 A-CON | CEESG014         $UNRESOLVED(W)                                     |
      864 CEEBLLST                       4C A-CON | CEESG015         $UNRESOLVED(W)                                     |
      868 CEEBLLST                       50 A-CON | CEESG016         $UNRESOLVED(W)                                     |
      B68 CEEBPIRA                      230 A-CON | CEEBPUBT         CEEBPUBT                        0 B_TEXT           |


 TEXT CLASS = B_LIT

 ---------------  R E F E R E N C E  --------------------------  T A R G E T  -------------------------------------------
   CLASS                            ELEMENT       |                                            ELEMENT                  |
   OFFSET SECT/PART(ABBREV)          OFFSET  TYPE | SYMBOL(ABBREV)   SECTION (ABBREV)           OFFSET CLASS NAME       |
                                                  |                                                                     |
       28 IEWBLIT                        28 L TOKE|                                                                     |


1                                       C R O S S - R E F E R E N C E  T A B L E
                                        _________________________________________

 TEXT CLASS = B_LIT

 ---------------  R E F E R E N C E  --------------------------  T A R G E T  -------------------------------------------
   CLASS                            ELEMENT       |                                            ELEMENT                  |
   OFFSET SECT/PART(ABBREV)          OFFSET  TYPE | SYMBOL(ABBREV)   SECTION (ABBREV)           OFFSET CLASS NAME       |
                                                  |                                                                     |
       50 IEWBLIT                        50 C-LEN |                  $NON-RELOCATABLE                  C_CODE           |
       54 IEWBLIT                        54 A-CON |                                                    C_CODE           |
       70 IEWBLIT                        70 C-LEN |                  $NON-RELOCATABLE                  C_WSA            |
       90 IEWBLIT                        90 C-LEN |                  $NON-RELOCATABLE                  C_@@PPA2         |
       94 IEWBLIT                        94 A-CON |                                                    C_@@PPA2         |
       B0 IEWBLIT                        B0 C-LEN |                  $NON-RELOCATABLE                  C_@@CSINIT       |
       B4 IEWBLIT                        B4 A-CON |                                                    C_@@CSINIT       |
       D0 IEWBLIT                        D0 C-LEN |                  $NON-RELOCATABLE                  B_TEXT           |
       D4 IEWBLIT                        D4 A-CON |                                                    B_TEXT           |
       F0 IEWBLIT                        F0 C-LEN |                  $NON-RELOCATABLE                  B_LIT            |
       F4 IEWBLIT                        F4 A-CON |                                                    B_LIT            |


 TEXT CLASS = C_WSA

 ---------------  R E F E R E N C E  --------------------------  T A R G E T  -------------------------------------------
   CLASS                            ELEMENT       |                                            ELEMENT                  |
   OFFSET SECT/PART(ABBREV)          OFFSET  TYPE | SYMBOL(ABBREV)   SECTION (ABBREV)           OFFSET CLASS NAME       |
                                                  |                                                                     |
       24 DATSUB#S                       24 A-CON | DATSUB#S         $PRIV000003                    10 C_WSA            |
       28 DATSUB#S                       28 A-CON | DATSUB#C         DATSUB                          0 C_CODE           |
       70 DATSUB#S                       70 V-CON | DATSUB           DATSUB                          0 C_CODE           |
       84 DATSUB#S                       84 A-CON | DATSUB#S         $PRIV000003                    10 C_WSA            |
                                        *** E N D  O F  C R O S S  R E F E R E N C E ***



                                 *** O P E R A T I O N   S U M M A R Y   R E P O R T ***

1PROCESSING OPTIONS:

    ALIASES             NO
    ALIGN2              NO
    AMODE               UNSPECIFIED
    CALL                YES
    CASE                UPPER
    COMPAT              UNSPECIFIED
    COMPRESS            AUTO
    DCBS                NO
    DYNAM               NO
    EXTATTR             UNSPECIFIED
    EXITS:              NONE
    FILL                NONE
    GID                 UNSPECIFIED
    HOBSET              NO
    INFO                NO
    LET                 04
    LINECT              060
    LIST                SUMMARY
    LISTPRIV            NO
    LONGPARM            NO
    MAP                 NO
    MAXBLK              032760
    MODMAP              NO
    MSGLEVEL            00
    OVLY                NO
    PRINT               YES
    RES                 NO
    REUSABILITY         UNSPECIFIED
    RMODE               UNSPECIFIED
    RMODEX              NO
    SIGN                NO
    STORENX             NOREPLACE
    STRIPCL             NO
    STRIPSEC            NO
    SYMTRACE
    TERM                NO
    TRAP                ON
    UID                 UNSPECIFIED
    UPCASE              NO
    WKSPACE             000000K,000000K
    XCAL                NO
    XREF                YES
    ***END OF OPTIONS***




1SAVE OPERATION SUMMARY:

    MEMBER NAME         DATSUB
    LOAD LIBRARY        NLOPEZ.VSCODE.LOAD
    PROGRAM TYPE        PROGRAM OBJECT(FORMAT 3)
    VOLUME SERIAL       C4USR1
    DISPOSITION         ADDED NEW
    TIME OF SAVE        12.32.57  JAN 13, 2022


1SAVE MODULE ATTRIBUTES:

    AC                  000
    AMODE                31
    COMPRESSION         NONE
    DC                  NO
    EDITABLE            YES
    EXCEEDS 16MB        NO
    EXECUTABLE          YES
    LONGPARM            NO
    MIGRATABLE          NO
    OL                  NO
    OVLY                NO
    PACK,PRIME          NO,NO
    PAGE ALIGN          NO
    REFR                NO
    RENT                NO
    REUS                NO
    RMODE               ANY
    SCTR                NO
    SIGN                NO
    SSI
    SYM GENERATED       NO
    TEST                NO
    XPLINK              NO
    MODULE SIZE (HEX)   0000148C
    DASD SIZE (HEX)     0000A000


1 ENTRY POINT AND ALIAS SUMMARY:

  NAME:            ENTRY TYPE AMODE C_OFFSET CLASS NAME        STATUS

  DATSUB            MAIN_EP      31 00000000 C_CODE

                          *** E N D   O F   O P E R A T I O N   S U M M A R Y   R E P O R T ***




1z/OS V2 R4 BINDER     12:32:56 THURSDAY JANUARY 13, 2022
 BATCH EMULATOR  JOB(DBBP3   ) STEP(*OMVSEX ) PGM= IEWBLINK
 IEW2008I 0F03 PROCESSING COMPLETED.  RETURN CODE =  0.



1----------------------
 MESSAGE SUMMARY REPORT
 ----------------------
  TERMINAL MESSAGES      (SEVERITY = 16)
  NONE

  SEVERE MESSAGES        (SEVERITY = 12)
  NONE

  ERROR MESSAGES         (SEVERITY = 08)
  NONE

  WARNING MESSAGES       (SEVERITY = 04)
  NONE

  INFORMATIONAL MESSAGES (SEVERITY = 00)
  2008  2278  2322


  **** END OF MESSAGE SUMMARY REPORT ****

                                               IEBCOPY MESSAGES AND CONTROL STATEMENTS                                     PAGE     1


IEB1135I IEBCOPY  FMID HDZ2240  SERVICE LEVEL UJ00519  DATED 20190816 DFSMS 02.04.00 z/OS    02.04.00 HBB77C0  CPU 1090
IEB1035I DBBP3     *OMVSEX  12:32:57 THU 13 JAN 2022 PARM=''

  COPYMOD INDD=BATCH,OUTDD=CICSLOAD
  SELECT MEMBER=((DATSUB,,R))

IEB1013I COPYING FROM PDSE  INDD=BATCH    VOL=C4USR1 DSN=NLOPEZ.VSCODE.LOAD
IEB1014I           TO PDSE OUTDD=CICSLOAD VOL=C4USR1 DSN=NLOPEZ.VSCODE.CICSLOAD
IGW01551I MEMBER DATSUB  HAS BEEN COPIED
IGW01550I 1 OF 1 SPECIFIED  MEMBERS WERE COPIED
IEB147I END OF JOB - 0 WAS HIGHEST SEVERITY CODE
