PP 5655-EC6 IBM Enterprise COBOL for z/OS  6.3.0 P200901                 Date 01/14/2022  Time 10:01:50   Page     1

Invocation parameters:
 source,cp(37)

Options in effect:
 NOADATA
   ADV
   AFP(NOVOLATILE)
   QUOTE
   ARCH(8)
   ARITH(COMPAT)
 NOAWO
 NOBLOCK0
   BUFSIZE(4096)
 NOCICS
   CODEPAGE(37)
 NOCOMPILE(S)
 NOCOPYLOC
 NOCOPYRIGHT
 NOCURRENCY
   DATA(31)
   DBCS
 NODECK
 NODEFINE
 NODIAGTRUNC
   DISPSIGN(COMPAT)
 NODLL
 NODUMP
 NODYNAM
 NOEXIT
 NOEXPORTALL
 NOFASTSRT
   FLAG(I,I)
 NOFLAGSTD
   HGPR(PRESERVE)
 NOINITCHECK
 NOINITIAL
   INLINE
   INTDATE(ANSI)
   LANGUAGE(EN)
   LINECOUNT(60)
 NOLIST
   LP(32)
 NOMAP
   MAXPCF(100000)
 NOMDECK
 NONAME
   NSYMBOL(NATIONAL)
 NONUMBER
 NONUMCHECK
   NUMPROC(NOPFD)
   OBJECT
 NOOFFSET
   OPTIMIZE(0)
   OUTDD(SYSOUT)
 NOPARMCHECK
   PGMNAME(COMPAT)
   QUALIFY(COMPAT)
   RENTPP 5655-EC6 IBM Enterprise COBOL for z/OS  6.3.0 P200901                 Date 01/14/2022  Time 10:01:50   Page     2

   RMODE(AUTO)
 NORULES
 NOSERVICE
   SEQUENCE
   SOURCE
   SPACE(1)
 NOSQL
   SQLCCSID
 NOSQLIMS
 NOSSRANGE
 NOSTGOPT
   SUPPRESS
 NOTERM
 NOTEST(NODWARF,NOSOURCE,NOSEPARATE)
 NOTHREAD
   TRUNC(STD)
 NOVBREF
   VLR(STANDARD)
   VSAMOPENFS(COMPAT)
 NOWORD
   XMLPARSE(XMLSS)
   XREF(FULL)
   ZONEDATA(PFD)
   ZWBPP 5655-EC6 IBM Enterprise COBOL for z/OS  6.3.0 P200901                 Date 01/14/2022  Time 10:01:50   Page     3

LineID  Message code  Library phase message text

    12  IGYLI0048-S   The member "DATEMBED" was not found in the "COPY" library.  Skipped to the period terminating the "COPY"
                      statement.


Messages    Total    Informational    Warning    Error    Severe    Terminating

Printed:       1                                              1PP 5655-EC6 IBM Enterprise COBOL for z/OS  6.3.0 P200901       DATVSC    Date 01/14/2022  Time 10:01:50   Page     4
  LineID  PL SL  ----+-*A-1-B--+----2----+----3----+----4----+----5----+----6----+----7-|--+----8 Map and Cross Reference

  000001                ID DIVISION.
  000002                PROGRAM-ID. DATVSC.
  000003               *
  000004               * Simple demo code for VSCode ub in zDT
  000005               * no shre repo ref support yet
  000006               *
  000007                ENVIRONMENT DIVISION.
  000008                DATA DIVISION.
  000009                WORKING-STORAGE SECTION.
  000010                COPY DATDEPND.
  000011C               01 WS-VER    PIC X(24) VALUE 'Ver ST v3.2k'.
  000012C               COPY DATEMBED.
  000013                PROCEDURE DIVISION.
  000014                    DISPLAY 'DATVSC here- v1.2209'.
  000015                    DISPLAY 'CPYBK=DATDEPND -> ' WS-VER.                                  11
  000016                    STOP RUN.PP 5655-EC6 IBM Enterprise COBOL for z/OS  6.3.0 P200901       DATVSC    Date 01/14/2022  Time 10:01:50   Page     5

An "M" preceding a data-name reference indicates that the data-name is modified by this reference.

 Defined   Cross-reference of data names   References

      11   WS-VER . . . . . . . . . . . .  15PP 5655-EC6 IBM Enterprise COBOL for z/OS  6.3.0 P200901       DATVSC    Date 01/14/2022  Time 10:01:50   Page     6

 Defined   Cross-reference of programs     References

       2   DATVSCPP 5655-EC6 IBM Enterprise COBOL for z/OS  6.3.0 P200901       DATVSC    Date 01/14/2022  Time 10:01:50   Page     7


         COPY/BASIS cross-reference of text-names, library names and dataset information

 Text-name Library   File name                                    Concat   ISPF statistics
 (Member)  (DDNAME)  (Dataset name)                               Level    Created         Changed

 DATDEPND  SYSLIB    NLOPEZ.VSCODE.COPY                             0
PP 5655-EC6 IBM Enterprise COBOL for z/OS  6.3.0 P200901       DATVSC    Date 01/14/2022  Time 10:01:50   Page     8

LineID  Message code  Message text

        IGYSC0207-S   Severe message(s) were issued during library phase processing.  Refer to the beginning of the listing.


Messages    Total    Informational    Warning    Error    Severe    Terminating

Printed:       1                                              1


* Statistics for COBOL program DATVSC:
*    Source records = 16
*    Data Division statements = 1
*    Procedure Division statements = 3
*    Generated COBOL statements = 0
*    Program complexity factor = 3

End of compilation 1,  program DATVSC,  highest severity 12.

Return code 12
